1339641339	1001	5004	1339641339	Start call
1339641339	1001	5004	1339641339	Prompt	
1339641339	1001	5004	1339641340	Prompt	/usr/local/freeswitch/scripts/AO/sounds/eng/welcome.wav
1339641339	1001	5004	1339641347	Prompt	/usr/local/freeswitch/scripts/AO/sounds/eng/listento_pre.wav
1339641339	1001	5004	1339641350	Prompt	/usr/local/freeswitch/scripts/AO/sounds/eng/listento_post.wav
1339641339	1001	5004	1339641351	Prompt	/usr/local/freeswitch/scripts/AO/sounds/eng/digits/1.wav
1339641339	1001	5004	1339641353	Prompt	/usr/local/freeswitch/scripts/AO/sounds/eng/listento_pre.wav
1339641339	1001	5004	1339641355	Prompt	/usr/local/freeswitch/scripts/AO/sounds/eng/listento_post.wav
1339641339	1001	5004	1339641357	Prompt	/usr/local/freeswitch/scripts/AO/sounds/eng/digits/2.wav
1339641339	1001	5004	1339641358	Prompt	/usr/local/freeswitch/scripts/AO/sounds/eng/listento_pre.wav
1339641339	1001	5004	1339641361	Prompt	/usr/local/freeswitch/scripts/AO/sounds/eng/listento_post.wav
1339641339	1001	5004	1339641362	Prompt	/usr/local/freeswitch/scripts/AO/sounds/eng/digits/3.wav
1339641339	1001	5004	1339641364	Prompt	/usr/local/freeswitch/scripts/AO/sounds/eng/checkpending.wav
1339641339	1001	5004	1339641368	Prompt	/usr/local/freeswitch/scripts/AO/sounds/eng/digits/4.wav
1339641339	1001	5004	1339641370	Prompt	
1339641339	1001	5004	1339641373	End call
1339641856	1001	5004	1339641856	Start call
1339641856	1001	5004	1339641856	Prompt	
1339641856	1001	5004	1339641857	Prompt	/usr/local/freeswitch/scripts/AO/sounds/eng/welcome.wav
1339641856	1001	5004	1339641864	Prompt	/usr/local/freeswitch/scripts/AO/sounds/eng/listento_pre.wav
1339641856	1001	5004	1339641865	End call
1339643293	1001	5004	1339643293	Start call
1339643293	1001	5004	1339643293	Prompt	
1339643293	1001	5004	1339643294	Prompt	/usr/local/freeswitch/scripts/AO/sounds/eng/welcome.wav
1339643293	1001	5004	1339643301	Prompt	/usr/local/freeswitch/scripts/AO/sounds/eng/listento_pre.wav
1339643293	1001	5004	1339643304	Prompt	/usr/local/freeswitch/scripts/AO/sounds/eng/listento_post.wav
1339643293	1001	5004	1339643305	Prompt	/usr/local/freeswitch/scripts/AO/sounds/eng/digits/1.wav
1339643293	1001	5004	1339643306	Prompt	/usr/local/freeswitch/scripts/AO/sounds/eng/listento_pre.wav
1339643293	1001	5004	1339643308	dtmf	1339643471	1001	5004	1339643471	Start call
1339643471	1001	5004	1339643471	Prompt	
1339643471	1001	5004	1339643472	Prompt	/usr/local/freeswitch/scripts/AO/sounds/eng/welcome.wav
1339643471	1001	5004	1339643479	Prompt	/usr/local/freeswitch/scripts/AO/sounds/eng/listento_pre.wav
1339643471	1001	5004	1339643481	Prompt	/usr/local/freeswitch/scripts/AO/sounds/eng/listento_post.wav
1339643471	1001	5004	1339643482	Prompt	/usr/local/freeswitch/scripts/AO/sounds/eng/digits/1.wav
1339643471	1001	5004	1339643484	Prompt	/usr/local/freeswitch/scripts/AO/sounds/eng/listento_pre.wav
1339643471	1001	5004	1339643487	Prompt	/usr/local/freeswitch/scripts/AO/sounds/eng/listento_post.wav
1339643471	1001	5004	1339643488	Prompt	/usr/local/freeswitch/scripts/AO/sounds/eng/digits/2.wav
1339643471	1001	5004	1339643489	End call
1339643501	1001	5004	1339643501	Start call
1339643501	1001	5004	1339643501	Prompt	
1339643501	1001	5004	1339643502	Prompt	/usr/local/freeswitch/scripts/AO/sounds/eng/welcome.wav
1339643501	1001	5004	1339643506	dtmf	/usr/local/freeswitch/scripts/AO/sounds/eng/welcome.wav	1
1339643501	1001	5004	1339643510	Prompt	/usr/local/freeswitch/scripts/AO/sounds/eng/okyouwant_pre.wav
1339643501	1001	5004	1339643513	Prompt	/usr/local/freeswitch/scripts/AO/sounds/eng/okyouwant_post.wav
1339643501	1001	5004	1339643513	Prompt	/usr/local/freeswitch/scripts/AO/sounds/eng/instructions_short.wav
1339643501	1001	5004	1339643515	End call
1339643976	1001	5004	1339643976	Start call
1339643976	1001	5004	1339643976	Prompt	
1339643976	1001	5004	1339643977	Prompt	/usr/local/freeswitch/scripts/AO/sounds/eng/welcome.wav
1339643976	1001	5004	1339643984	Prompt	/usr/local/freeswitch/scripts/AO/sounds/eng/listento_pre.wav
1339643976	1001	5004	1339643986	Prompt	/usr/local/freeswitch/scripts/AO/sounds/eng/listento_post.wav
1339643976	1001	5004	1339643988	Prompt	/usr/local/freeswitch/scripts/AO/sounds/eng/digits/1.wav
1339643976	1001	5004	1339643989	Prompt	/usr/local/freeswitch/scripts/AO/sounds/eng/listento_pre.wav
1339643976	1001	5004	1339643992	Prompt	/usr/local/freeswitch/scripts/AO/sounds/eng/listento_post.wav
1339643976	1001	5004	1339643993	Prompt	/usr/local/freeswitch/scripts/AO/sounds/eng/digits/2.wav
1339643976	1001	5004	1339643994	Prompt	/usr/local/freeswitch/scripts/AO/sounds/eng/listento_pre.wav
1339643976	1001	5004	1339643997	Prompt	/usr/local/freeswitch/scripts/AO/sounds/eng/listento_post.wav
1339643976	1001	5004	1339643998	Prompt	/usr/local/freeswitch/scripts/AO/sounds/eng/digits/3.wav
1339643976	1001	5004	1339644000	Prompt	
1339643976	1001	5004	1339644006	dtmf		1
1339643976	1001	5004	1339644010	Prompt	/usr/local/freeswitch/scripts/AO/sounds/eng/okyouwant_pre.wav
1339643976	1001	5004	1339644013	Prompt	/usr/local/freeswitch/scripts/AO/sounds/eng/okyouwant_post.wav
1339643976	1001	5004	1339644013	Prompt	/usr/local/freeswitch/scripts/AO/sounds/eng/instructions_short.wav
1339643976	1001	5004	1339644019	dtmf	/usr/local/freeswitch/scripts/AO/sounds/eng/instructions_short.wav	1
1339643976	1001	5004	1339644019	Prompt	/usr/local/freeswitch/scripts/AO/sounds/eng/nomessages.wav
1339643976	1001	5004	1339644021	End call
1339644099	1001	5004	1339644099	Start call
1339644099	1001	5004	1339644099	Prompt	
1339644099	1001	5004	1339644100	Prompt	/usr/local/freeswitch/scripts/AO/sounds/eng/welcome.wav
1339644099	1001	5004	1339644107	Prompt	/usr/local/freeswitch/scripts/AO/sounds/eng/listento_pre.wav
1339644099	1001	5004	1339644109	Prompt	/usr/local/freeswitch/scripts/AO/sounds/eng/listento_post.wav
1339644099	1001	5004	1339644110	Prompt	/usr/local/freeswitch/scripts/AO/sounds/eng/digits/1.wav
1339644099	1001	5004	1339644112	Prompt	/usr/local/freeswitch/scripts/AO/sounds/eng/listento_pre.wav
1339644099	1001	5004	1339644114	Prompt	/usr/local/freeswitch/scripts/AO/sounds/eng/listento_post.wav
1339644099	1001	5004	1339644116	Prompt	/usr/local/freeswitch/scripts/AO/sounds/eng/digits/2.wav
1339644099	1001	5004	1339644117	Prompt	/usr/local/freeswitch/scripts/AO/sounds/eng/listento_pre.wav
1339644099	1001	5004	1339644120	Prompt	/usr/local/freeswitch/scripts/AO/sounds/eng/listento_post.wav
1339644099	1001	5004	1339644121	Prompt	/usr/local/freeswitch/scripts/AO/sounds/eng/digits/3.wav
1339644099	1001	5004	1339644123	Prompt	
1339644099	1001	5004	1339644133	Prompt	/usr/local/freeswitch/scripts/AO/sounds/eng/mainmenu.wav
1339644099	1001	5004	1339644135	End call
1339644605	1001	5004	1339644605	Start call
1339644605	1001	5004	1339644605	Prompt	
1339644605	1001	5004	1339644606	Prompt	/usr/local/freeswitch/scripts/AO/sounds/eng/welcome.wav
1339644605	1001	5004	1339644613	Prompt	/usr/local/freeswitch/scripts/AO/sounds/eng/listento_pre.wav
1339644605	1001	5004	1339644614	Speak	devotional
1339644734	1001	5004	1339644734	Start call
1339644734	1001	5004	1339644734	Prompt	
1339644734	1001	5004	1339644735	Prompt	/usr/local/freeswitch/scripts/AO/sounds/eng/welcome.wav
1339644734	1001	5004	1339644741	Prompt	/usr/local/freeswitch/scripts/AO/sounds/eng/listento_pre.wav
1339644734	1001	5004	1339644743	Speak	devotional
1339644887	1001	5004	1339644887	Start call
1339644887	1001	5004	1339644887	Prompt	
1339644887	1001	5004	1339644888	Prompt	/usr/local/freeswitch/scripts/AO/sounds/eng/welcome.wav
1339644887	1001	5004	1339644894	Prompt	/usr/local/freeswitch/scripts/AO/sounds/eng/listento_pre.wav
1339644887	1001	5004	1339644896	Speak	devotional
1339644920	1001	5004	1339644920	Start call
1339644920	1001	5004	1339644920	Prompt	
1339644920	1001	5004	1339644921	Prompt	/usr/local/freeswitch/scripts/AO/sounds/eng/welcome.wav
1339644920	1001	5004	1339644928	Prompt	/usr/local/freeswitch/scripts/AO/sounds/eng/listento_pre.wav
1339644920	1001	5004	1339644929	Speak	devotional
1339644920	1001	5004	1339644930	Prompt	/usr/local/freeswitch/scripts/AO/sounds/eng/listento_post.wav
1339644920	1001	5004	1339644932	Prompt	/usr/local/freeswitch/scripts/AO/sounds/eng/digits/1.wav
1339644920	1001	5004	1339644933	Prompt	/usr/local/freeswitch/scripts/AO/sounds/eng/listento_pre.wav
1339644920	1001	5004	1339644934	Speak	cricket
1339644920	1001	5004	1339644936	Prompt	/usr/local/freeswitch/scripts/AO/sounds/eng/listento_post.wav
1339644920	1001	5004	1339644937	Prompt	/usr/local/freeswitch/scripts/AO/sounds/eng/digits/2.wav
1339644920	1001	5004	1339644938	Prompt	/usr/local/freeswitch/scripts/AO/sounds/eng/listento_pre.wav
1339644920	1001	5004	1339644940	Speak	astrology
1339644920	1001	5004	1339644941	Prompt	/usr/local/freeswitch/scripts/AO/sounds/eng/listento_post.wav
1339644920	1001	5004	1339644942	Prompt	/usr/local/freeswitch/scripts/AO/sounds/eng/digits/3.wav
1339644920	1001	5004	1339644944	Prompt	
1339644920	1001	5004	1339644950	dtmf		2
1339644920	1001	5004	1339644950	Prompt	/usr/local/freeswitch/scripts/AO/sounds/eng/okyouwant_pre.wav
1339644920	1001	5004	1339644953	Prompt	/usr/local/freeswitch/scripts/AO/sounds/eng/okyouwant_post.wav
1339644920	1001	5004	1339644953	Prompt	/usr/local/freeswitch/scripts/AO/sounds/eng/instructions_short.wav
1339644920	1001	5004	1339644966	Prompt	/usr/local/freeswitch/scripts/AO/sounds/eng/nomessages.wav
1339644920	1001	5004	1339644967	End call
